<?xml version="1.0" encoding="UTF-8"?>
<testsuite name="memory.MemoryFinderTest" tests="1" skipped="0" failures="0" errors="0" timestamp="2023-06-05T10:57:14" hostname="DESKTOP-J9HUCKC" time="0.157">
  <properties/>
  <testcase name="MemoryFinderTest()" classname="memory.MemoryFinderTest" time="0.157"/>
  <system-out><![CDATA[]]></system-out>
  <system-err><![CDATA[]]></system-err>
</testsuite>
